<?xml version="1.0" encoding="UTF-8"?>
<testsuite name="com.opencontacts.androidecosystem.contacts.data.ContactDaoTest" tests="13" skipped="0" failures="0" errors="0" timestamp="2026-03-11T03:29:49" hostname="ip-172-31-34-63" time="7.617">
  <properties/>
  <testcase name="getFrequentContacts_returnsEmptyListForZeroLimit" classname="com.opencontacts.androidecosystem.contacts.data.ContactDaoTest" time="6.788"/>
  <testcase name="queryByPhone_returnsEmptyListForNullInput" classname="com.opencontacts.androidecosystem.contacts.data.ContactDaoTest" time="0.077"/>
  <testcase name="queryByName_returnsEmptyListForNullOrBlankInput" classname="com.opencontacts.androidecosystem.contacts.data.ContactDaoTest" time="0.093"/>
  <testcase name="update_persistsModifiedFields" classname="com.opencontacts.androidecosystem.contacts.data.ContactDaoTest" time="0.114"/>
  <testcase name="getAll_returnsEmptyListWhenDatabaseIsEmpty" classname="com.opencontacts.androidecosystem.contacts.data.ContactDaoTest" time="0.08"/>
  <testcase name="delete_removesPersistedContact" classname="com.opencontacts.androidecosystem.contacts.data.ContactDaoTest" time="0.062"/>
  <testcase name="insert_persistsContactAndReturnsGeneratedId" classname="com.opencontacts.androidecosystem.contacts.data.ContactDaoTest" time="0.059"/>
  <testcase name="getAll_returnsContactsSortedByDisplayName" classname="com.opencontacts.androidecosystem.contacts.data.ContactDaoTest" time="0.051"/>
  <testcase name="insert_allowsDuplicateContactDetailsAsSeparateRows" classname="com.opencontacts.androidecosystem.contacts.data.ContactDaoTest" time="0.045"/>
  <testcase name="queryByPhone_matchesPartialPhoneNumberAndSortsByName" classname="com.opencontacts.androidecosystem.contacts.data.ContactDaoTest" time="0.046"/>
  <testcase name="getFrequentContacts_ordersByStrengthThenRecencyAndAppliesLimit" classname="com.opencontacts.androidecosystem.contacts.data.ContactDaoTest" time="0.048"/>
  <testcase name="queryByName_matchesPartialNameCaseInsensitively" classname="com.opencontacts.androidecosystem.contacts.data.ContactDaoTest" time="0.085"/>
  <testcase name="getById_returnsNullWhenContactDoesNotExist" classname="com.opencontacts.androidecosystem.contacts.data.ContactDaoTest" time="0.065"/>
  <system-out><![CDATA[]]></system-out>
  <system-err><![CDATA[]]></system-err>
</testsuite>
