<?xml version="1.0" encoding="UTF-8"?>
<testsuite name="com.opencontacts.androidecosystem.contacts.ContactListItemTest" tests="6" skipped="0" failures="0" errors="0" timestamp="2026-03-11T03:29:46" hostname="ip-172-31-34-63" time="2.859">
  <properties/>
  <testcase name="performClick_ignoresNullOrBlankContacts" classname="com.opencontacts.androidecosystem.contacts.ContactListItemTest" time="2.84"/>
  <testcase name="render_fallsBackToPhoneWhenDisplayNameAndEmailMissing" classname="com.opencontacts.androidecosystem.contacts.ContactListItemTest" time="0.004"/>
  <testcase name="render_fallsBackToEmailWhenDisplayNameMissing" classname="com.opencontacts.androidecosystem.contacts.ContactListItemTest" time="0.001"/>
  <testcase name="performClick_invokesCallbackWithTrimmedId" classname="com.opencontacts.androidecosystem.contacts.ContactListItemTest" time="0.013"/>
  <testcase name="render_usesDisplayNameAsTitle" classname="com.opencontacts.androidecosystem.contacts.ContactListItemTest" time="0.0"/>
  <testcase name="render_usesNoChannelsFallbackForSubtitle" classname="com.opencontacts.androidecosystem.contacts.ContactListItemTest" time="0.0"/>
  <system-out><![CDATA[]]></system-out>
  <system-err><![CDATA[]]></system-err>
</testsuite>
