<?xml version="1.0" encoding="UTF-8"?>
<testsuite name="com.opencontacts.androidecosystem.contacts.ContactLocationTest" tests="12" skipped="0" failures="0" errors="0" timestamp="2026-03-11T03:29:48" hostname="ip-172-31-34-63" time="0.018">
  <properties/>
  <testcase name="isValid_rejectsLatitudeAboveRange" classname="com.opencontacts.androidecosystem.contacts.ContactLocationTest" time="0.008"/>
  <testcase name="distanceTo_returnsNullWhenEitherLocationIsInvalid" classname="com.opencontacts.androidecosystem.contacts.ContactLocationTest" time="0.001"/>
  <testcase name="isValid_rejectsNullLongitude" classname="com.opencontacts.androidecosystem.contacts.ContactLocationTest" time="0.0"/>
  <testcase name="normalizedCategory_trimsAndLowercases" classname="com.opencontacts.androidecosystem.contacts.ContactLocationTest" time="0.0"/>
  <testcase name="isValid_rejectsLongitudeAboveRange" classname="com.opencontacts.androidecosystem.contacts.ContactLocationTest" time="0.0"/>
  <testcase name="isValid_rejectsLatitudeBelowRange" classname="com.opencontacts.androidecosystem.contacts.ContactLocationTest" time="0.002"/>
  <testcase name="fromContact_usesLocationCategoryOrFirstTag" classname="com.opencontacts.androidecosystem.contacts.ContactLocationTest" time="0.001"/>
  <testcase name="isValid_rejectsLongitudeBelowRange" classname="com.opencontacts.androidecosystem.contacts.ContactLocationTest" time="0.0"/>
  <testcase name="isValid_rejectsNullLatitude" classname="com.opencontacts.androidecosystem.contacts.ContactLocationTest" time="0.0"/>
  <testcase name="distanceTo_returnsZeroForSamePoint" classname="com.opencontacts.androidecosystem.contacts.ContactLocationTest" time="0.0"/>
  <testcase name="distanceTo_returnsExpectedDistanceForKnownCities" classname="com.opencontacts.androidecosystem.contacts.ContactLocationTest" time="0.0"/>
  <testcase name="isValid_acceptsBoundaryCoordinates" classname="com.opencontacts.androidecosystem.contacts.ContactLocationTest" time="0.003"/>
  <system-out><![CDATA[]]></system-out>
  <system-err><![CDATA[]]></system-err>
</testsuite>
