<?xml version="1.0" encoding="UTF-8"?>
<testsuite name="com.opencontacts.androidecosystem.contacts.data.ContactRepositoryTest" tests="13" skipped="0" failures="0" errors="0" timestamp="2026-03-11T03:29:57" hostname="ip-172-31-34-63" time="1.22">
  <properties/>
  <testcase name="queryByPhone_trimsInputBeforeDelegating" classname="com.opencontacts.androidecosystem.contacts.data.ContactRepositoryTest" time="0.933"/>
  <testcase name="getAll_delegatesToDao" classname="com.opencontacts.androidecosystem.contacts.data.ContactRepositoryTest" time="0.018"/>
  <testcase name="getFrequentContacts_delegatesPositiveLimitToDao" classname="com.opencontacts.androidecosystem.contacts.data.ContactRepositoryTest" time="0.016"/>
  <testcase name="syncWithSystemContacts_returnsPermissionDeniedWhenPermissionMissing" classname="com.opencontacts.androidecosystem.contacts.data.ContactRepositoryTest" time="0.023"/>
  <testcase name="queryByName_returnsEmptyListForBlankInputWithoutDaoCall" classname="com.opencontacts.androidecosystem.contacts.data.ContactRepositoryTest" time="0.01"/>
  <testcase name="getById_delegatesToDao" classname="com.opencontacts.androidecosystem.contacts.data.ContactRepositoryTest" time="0.118"/>
  <testcase name="delete_delegatesToDao" classname="com.opencontacts.androidecosystem.contacts.data.ContactRepositoryTest" time="0.055"/>
  <testcase name="insert_delegatesToDaoAndReturnsId" classname="com.opencontacts.androidecosystem.contacts.data.ContactRepositoryTest" time="0.008"/>
  <testcase name="queryByPhone_returnsEmptyListForNullInputWithoutDaoCall" classname="com.opencontacts.androidecosystem.contacts.data.ContactRepositoryTest" time="0.005"/>
  <testcase name="update_delegatesToDao" classname="com.opencontacts.androidecosystem.contacts.data.ContactRepositoryTest" time="0.007"/>
  <testcase name="queryByName_trimsInputBeforeDelegating" classname="com.opencontacts.androidecosystem.contacts.data.ContactRepositoryTest" time="0.014"/>
  <testcase name="getFrequentContacts_returnsEmptyListForNonPositiveLimitWithoutDaoCall" classname="com.opencontacts.androidecosystem.contacts.data.ContactRepositoryTest" time="0.004"/>
  <testcase name="syncWithSystemContacts_callsSyncerWhenPermissionGranted" classname="com.opencontacts.androidecosystem.contacts.data.ContactRepositoryTest" time="0.008"/>
  <system-out><![CDATA[]]></system-out>
  <system-err><![CDATA[]]></system-err>
</testsuite>
