<?xml version="1.0" encoding="UTF-8"?>
<testsuite name="com.opencontacts.androidecosystem.contacts.ContactMapViewModelTest" tests="15" skipped="0" failures="0" errors="0" timestamp="2026-03-11T03:29:49" hostname="ip-172-31-34-63" time="0.02">
  <properties/>
  <testcase name="updateState_returnsEmptyStateMessageWhenNoMarkersMatch" classname="com.opencontacts.androidecosystem.contacts.ContactMapViewModelTest" time="0.008"/>
  <testcase name="filterMarkers_handlesNullMarkers" classname="com.opencontacts.androidecosystem.contacts.ContactMapViewModelTest" time="0.001"/>
  <testcase name="toMarkers_usesDistinctConnectionCountAsStrength" classname="com.opencontacts.androidecosystem.contacts.ContactMapViewModelTest" time="0.001"/>
  <testcase name="toMarkers_skipsContactsWithBlankIds" classname="com.opencontacts.androidecosystem.contacts.ContactMapViewModelTest" time="0.001"/>
  <testcase name="toMarkers_usesFirstTagAsCategoryWhenLocationCategoryMissing" classname="com.opencontacts.androidecosystem.contacts.ContactMapViewModelTest" time="0.0"/>
  <testcase name="toMarkers_usesPhoneWhenDisplayNameAndEmailMissing" classname="com.opencontacts.androidecosystem.contacts.ContactMapViewModelTest" time="0.0"/>
  <testcase name="toMarkers_createsMarkerForValidContact" classname="com.opencontacts.androidecosystem.contacts.ContactMapViewModelTest" time="0.0"/>
  <testcase name="updateState_tracksFiltersAndVisibleCount" classname="com.opencontacts.androidecosystem.contacts.ContactMapViewModelTest" time="0.003"/>
  <testcase name="filterMarkers_filtersFavoritesOnly" classname="com.opencontacts.androidecosystem.contacts.ContactMapViewModelTest" time="0.0"/>
  <testcase name="toMarkers_fallsBackToUnknownContactTitle" classname="com.opencontacts.androidecosystem.contacts.ContactMapViewModelTest" time="0.0"/>
  <testcase name="filterMarkers_filtersByDistance" classname="com.opencontacts.androidecosystem.contacts.ContactMapViewModelTest" time="0.0"/>
  <testcase name="filterMarkers_filtersByCategoryCaseInsensitively" classname="com.opencontacts.androidecosystem.contacts.ContactMapViewModelTest" time="0.003"/>
  <testcase name="toMarkers_usesEmailWhenDisplayNameIsBlank" classname="com.opencontacts.androidecosystem.contacts.ContactMapViewModelTest" time="0.0"/>
  <testcase name="toMarkers_skipsContactsWithInvalidCoordinates" classname="com.opencontacts.androidecosystem.contacts.ContactMapViewModelTest" time="0.0"/>
  <testcase name="toMarkers_leavesDistanceNullWhenOriginMissing" classname="com.opencontacts.androidecosystem.contacts.ContactMapViewModelTest" time="0.0"/>
  <system-out><![CDATA[]]></system-out>
  <system-err><![CDATA[]]></system-err>
</testsuite>
