<?xml version="1.0" encoding="UTF-8"?>
<testsuite name="com.opencontacts.androidecosystem.contacts.ContactSearchFilterTest" tests="3" skipped="0" failures="0" errors="0" timestamp="2026-03-10T22:28:19" hostname="ip-172-31-34-63" time="0.007">
  <properties/>
  <testcase name="filter_combinesFavoriteAndCompanyFilters" classname="com.opencontacts.androidecosystem.contacts.ContactSearchFilterTest" time="0.005"/>
  <testcase name="filter_matchesQueryAcrossSearchableFields_caseInsensitively" classname="com.opencontacts.androidecosystem.contacts.ContactSearchFilterTest" time="0.0"/>
  <testcase name="filter_handlesNullListsAndBlankQueries" classname="com.opencontacts.androidecosystem.contacts.ContactSearchFilterTest" time="0.0"/>
  <system-out><![CDATA[]]></system-out>
  <system-err><![CDATA[]]></system-err>
</testsuite>
