<?xml version="1.0" encoding="UTF-8"?>
<testsuite name="com.opencontacts.androidecosystem.contacts.GraphAlgorithmTest" tests="15" skipped="0" failures="1" errors="0" timestamp="2026-03-11T03:29:49" hostname="ip-172-31-34-63" time="0.025">
  <properties/>
  <testcase name="connectionStrength_returnsZeroForBlankIds" classname="com.opencontacts.androidecosystem.contacts.GraphAlgorithmTest" time="0.0"/>
  <testcase name="shortestPathLength_returnsExpectedLengthAcrossChain" classname="com.opencontacts.androidecosystem.contacts.GraphAlgorithmTest" time="0.001"/>
  <testcase name="findClusters_sortsClustersBySizeDescending" classname="com.opencontacts.androidecosystem.contacts.GraphAlgorithmTest" time="0.002"/>
  <testcase name="connectionStrength_returnsZeroForDisconnectedNodes" classname="com.opencontacts.androidecosystem.contacts.GraphAlgorithmTest" time="0.001"/>
  <testcase name="shortestPathLength_returnsNullForDisconnectedNodes" classname="com.opencontacts.androidecosystem.contacts.GraphAlgorithmTest" time="0.0"/>
  <testcase name="connectionStrength_returnsHundredForSameNode" classname="com.opencontacts.androidecosystem.contacts.GraphAlgorithmTest" time="0.0"/>
  <testcase name="connectionStrength_returnsFiftyForDirectConnections" classname="com.opencontacts.androidecosystem.contacts.GraphAlgorithmTest" time="0.0"/>
  <testcase name="findClusters_coercesMinimumSizeBelowOne" classname="com.opencontacts.androidecosystem.contacts.GraphAlgorithmTest" time="0.0"/>
  <testcase name="connectionStrength_capsSharedNeighborWeightAtForty" classname="com.opencontacts.androidecosystem.contacts.GraphAlgorithmTest" time="0.001"/>
  <testcase name="connectionStrength_returnsZeroForUnknownNodes" classname="com.opencontacts.androidecosystem.contacts.GraphAlgorithmTest" time="0.0"/>
  <testcase name="connectionStrength_returnsPathWeightForIndirectConnectionsWithoutSharedNeighbors" classname="com.opencontacts.androidecosystem.contacts.GraphAlgorithmTest" time="0.017">
    <failure message="java.lang.AssertionError: expected:&lt;10&gt; but was:&lt;20&gt;" type="java.lang.AssertionError">java.lang.AssertionError: expected:&lt;10&gt; but was:&lt;20&gt;
	at org.junit.Assert.fail(Assert.java:89)
	at org.junit.Assert.failNotEquals(Assert.java:835)
	at org.junit.Assert.assertEquals(Assert.java:120)
	at org.junit.Assert.assertEquals(Assert.java:146)
	at com.opencontacts.androidecosystem.contacts.GraphAlgorithmTest.connectionStrength_returnsPathWeightForIndirectConnectionsWithoutSharedNeighbors(GraphAlgorithmTest.kt:66)
	at java.base/jdk.internal.reflect.NativeMethodAccessorImpl.invoke0(Native Method)
	at java.base/jdk.internal.reflect.NativeMethodAccessorImpl.invoke(NativeMethodAccessorImpl.java:77)
	at java.base/jdk.internal.reflect.DelegatingMethodAccessorImpl.invoke(DelegatingMethodAccessorImpl.java:43)
	at java.base/java.lang.reflect.Method.invoke(Method.java:569)
	at org.junit.runners.model.FrameworkMethod$1.runReflectiveCall(FrameworkMethod.java:59)
	at org.junit.internal.runners.model.ReflectiveCallable.run(ReflectiveCallable.java:12)
	at org.junit.runners.model.FrameworkMethod.invokeExplosively(FrameworkMethod.java:56)
	at org.junit.internal.runners.statements.InvokeMethod.evaluate(InvokeMethod.java:17)
	at org.junit.runners.ParentRunner$3.evaluate(ParentRunner.java:306)
	at org.junit.runners.BlockJUnit4ClassRunner$1.evaluate(BlockJUnit4ClassRunner.java:100)
	at org.junit.runners.ParentRunner.runLeaf(ParentRunner.java:366)
	at org.junit.runners.BlockJUnit4ClassRunner.runChild(BlockJUnit4ClassRunner.java:103)
	at org.junit.runners.BlockJUnit4ClassRunner.runChild(BlockJUnit4ClassRunner.java:63)
	at org.junit.runners.ParentRunner$4.run(ParentRunner.java:331)
	at org.junit.runners.ParentRunner$1.schedule(ParentRunner.java:79)
	at org.junit.runners.ParentRunner.runChildren(ParentRunner.java:329)
	at org.junit.runners.ParentRunner.access$100(ParentRunner.java:66)
	at org.junit.runners.ParentRunner$2.evaluate(ParentRunner.java:293)
	at org.junit.runners.ParentRunner$3.evaluate(ParentRunner.java:306)
	at org.junit.runners.ParentRunner.run(ParentRunner.java:413)
	at org.gradle.api.internal.tasks.testing.junit.JUnitTestClassExecutor.runTestClass(JUnitTestClassExecutor.java:112)
	at org.gradle.api.internal.tasks.testing.junit.JUnitTestClassExecutor.execute(JUnitTestClassExecutor.java:58)
	at org.gradle.api.internal.tasks.testing.junit.JUnitTestClassExecutor.execute(JUnitTestClassExecutor.java:40)
	at org.gradle.api.internal.tasks.testing.junit.AbstractJUnitTestClassProcessor.processTestClass(AbstractJUnitTestClassProcessor.java:60)
	at org.gradle.api.internal.tasks.testing.SuiteTestClassProcessor.processTestClass(SuiteTestClassProcessor.java:52)
	at java.base/jdk.internal.reflect.NativeMethodAccessorImpl.invoke0(Native Method)
	at java.base/jdk.internal.reflect.NativeMethodAccessorImpl.invoke(NativeMethodAccessorImpl.java:77)
	at java.base/jdk.internal.reflect.DelegatingMethodAccessorImpl.invoke(DelegatingMethodAccessorImpl.java:43)
	at java.base/java.lang.reflect.Method.invoke(Method.java:569)
	at org.gradle.internal.dispatch.ReflectionDispatch.dispatch(ReflectionDispatch.java:36)
	at org.gradle.internal.dispatch.ReflectionDispatch.dispatch(ReflectionDispatch.java:24)
	at org.gradle.internal.dispatch.ContextClassLoaderDispatch.dispatch(ContextClassLoaderDispatch.java:33)
	at org.gradle.internal.dispatch.ProxyDispatchAdapter$DispatchingInvocationHandler.invoke(ProxyDispatchAdapter.java:94)
	at jdk.proxy2/jdk.proxy2.$Proxy5.processTestClass(Unknown Source)
	at org.gradle.api.internal.tasks.testing.worker.TestWorker$2.run(TestWorker.java:176)
	at org.gradle.api.internal.tasks.testing.worker.TestWorker.executeAndMaintainThreadName(TestWorker.java:129)
	at org.gradle.api.internal.tasks.testing.worker.TestWorker.execute(TestWorker.java:100)
	at org.gradle.api.internal.tasks.testing.worker.TestWorker.execute(TestWorker.java:60)
	at org.gradle.process.internal.worker.child.ActionExecutionWorker.execute(ActionExecutionWorker.java:56)
	at org.gradle.process.internal.worker.child.SystemApplicationClassLoaderWorker.call(SystemApplicationClassLoaderWorker.java:113)
	at org.gradle.process.internal.worker.child.SystemApplicationClassLoaderWorker.call(SystemApplicationClassLoaderWorker.java:65)
	at worker.org.gradle.process.internal.worker.GradleWorkerMain.run(GradleWorkerMain.java:69)
	at worker.org.gradle.process.internal.worker.GradleWorkerMain.main(GradleWorkerMain.java:74)
</failure>
  </testcase>
  <testcase name="shortestPathLength_handlesCycles" classname="com.opencontacts.androidecosystem.contacts.GraphAlgorithmTest" time="0.0"/>
  <testcase name="findClusters_returnsEmptyListForEmptyGraph" classname="com.opencontacts.androidecosystem.contacts.GraphAlgorithmTest" time="0.0"/>
  <testcase name="connectionStrength_addsWeightForSharedNeighbors" classname="com.opencontacts.androidecosystem.contacts.GraphAlgorithmTest" time="0.0"/>
  <testcase name="findClusters_filtersByMinimumSize" classname="com.opencontacts.androidecosystem.contacts.GraphAlgorithmTest" time="0.0"/>
  <system-out><![CDATA[]]></system-out>
  <system-err><![CDATA[]]></system-err>
</testsuite>
