<?xml version="1.0" encoding="UTF-8"?>
<testsuite name="com.opencontacts.androidecosystem.contacts.GraphVisualizationViewTest" tests="6" skipped="0" failures="0" errors="0" timestamp="2026-03-11T03:29:49" hostname="ip-172-31-34-63" time="0.015">
  <properties/>
  <testcase name="render_keepsAllNodesWithinBounds" classname="com.opencontacts.androidecosystem.contacts.GraphVisualizationViewTest" time="0.013"/>
  <testcase name="render_preservesDisconnectedNodesWithoutEdges" classname="com.opencontacts.androidecosystem.contacts.GraphVisualizationViewTest" time="0.0"/>
  <testcase name="render_returnsEmptyStateForNonPositiveBounds" classname="com.opencontacts.androidecosystem.contacts.GraphVisualizationViewTest" time="0.0"/>
  <testcase name="render_returnsEmptyStateForNullGraph" classname="com.opencontacts.androidecosystem.contacts.GraphVisualizationViewTest" time="0.0"/>
  <testcase name="render_positionsSingleNodeAtCenter" classname="com.opencontacts.androidecosystem.contacts.GraphVisualizationViewTest" time="0.0"/>
  <testcase name="render_deduplicatesUndirectedEdges" classname="com.opencontacts.androidecosystem.contacts.GraphVisualizationViewTest" time="0.001"/>
  <system-out><![CDATA[]]></system-out>
  <system-err><![CDATA[]]></system-err>
</testsuite>
