<?xml version="1.0" encoding="UTF-8"?>
<testsuite name="com.opencontacts.androidecosystem.contacts.ContactGraphBuilderTest" tests="7" skipped="0" failures="0" errors="0" timestamp="2026-03-11T03:29:46" hostname="ip-172-31-34-63" time="0.011">
  <properties/>
  <testcase name="buildGraph_preservesIsolatedNodes" classname="com.opencontacts.androidecosystem.contacts.ContactGraphBuilderTest" time="0.004"/>
  <testcase name="buildGraph_handlesNullAndEmptyInput" classname="com.opencontacts.androidecosystem.contacts.ContactGraphBuilderTest" time="0.001"/>
  <testcase name="buildConnectionGraph_createsConnectionGraphWrapper" classname="com.opencontacts.androidecosystem.contacts.ContactGraphBuilderTest" time="0.001"/>
  <testcase name="buildGraph_usesLastContactWhenDuplicateIdsAppear" classname="com.opencontacts.androidecosystem.contacts.ContactGraphBuilderTest" time="0.0"/>
  <testcase name="buildGraph_createsBidirectionalConnectionsAndDeduplicatesNeighbors" classname="com.opencontacts.androidecosystem.contacts.ContactGraphBuilderTest" time="0.002"/>
  <testcase name="buildGraph_ignoresSelfReferencesUnknownContactsAndBlankIds" classname="com.opencontacts.androidecosystem.contacts.ContactGraphBuilderTest" time="0.0"/>
  <testcase name="buildConnectionGraph_returnsEmptyGraphForEmptyInput" classname="com.opencontacts.androidecosystem.contacts.ContactGraphBuilderTest" time="0.0"/>
  <system-out><![CDATA[]]></system-out>
  <system-err><![CDATA[]]></system-err>
</testsuite>
