<?xml version="1.0" encoding="UTF-8"?>
<testsuite name="com.opencontacts.androidecosystem.contacts.ContactGraphBuilderTest" tests="3" skipped="0" failures="0" errors="0" timestamp="2026-03-10T22:28:19" hostname="ip-172-31-34-63" time="0.021">
  <properties/>
  <testcase name="buildGraph_handlesNullAndEmptyInput" classname="com.opencontacts.androidecosystem.contacts.ContactGraphBuilderTest" time="0.009"/>
  <testcase name="buildGraph_createsBidirectionalConnectionsAndDeduplicatesNeighbors" classname="com.opencontacts.androidecosystem.contacts.ContactGraphBuilderTest" time="0.012"/>
  <testcase name="buildGraph_ignoresSelfReferencesUnknownContactsAndBlankIds" classname="com.opencontacts.androidecosystem.contacts.ContactGraphBuilderTest" time="0.0"/>
  <system-out><![CDATA[]]></system-out>
  <system-err><![CDATA[]]></system-err>
</testsuite>
