<?xml version="1.0" encoding="UTF-8"?>
<testsuite name="com.opencontacts.androidecosystem.contacts.ContactMarkerInfoWindowTest" tests="5" skipped="0" failures="0" errors="0" timestamp="2026-03-11T03:29:49" hostname="ip-172-31-34-63" time="0.015">
  <properties/>
  <testcase name="contentFor_usesFallbacksForBlankSubtitleAndMissingDistance" classname="com.opencontacts.androidecosystem.contacts.ContactMarkerInfoWindowTest" time="0.01"/>
  <testcase name="contentFor_usesMarkerTitleAndSubtitle" classname="com.opencontacts.androidecosystem.contacts.ContactMarkerInfoWindowTest" time="0.002"/>
  <testcase name="contentFor_formatsDistanceWithOneDecimalPlace" classname="com.opencontacts.androidecosystem.contacts.ContactMarkerInfoWindowTest" time="0.002"/>
  <testcase name="contentFor_formatsMetaWithCategoryAndStrength" classname="com.opencontacts.androidecosystem.contacts.ContactMarkerInfoWindowTest" time="0.0"/>
  <testcase name="contentFor_includesMarkerTitleInContentDescription" classname="com.opencontacts.androidecosystem.contacts.ContactMarkerInfoWindowTest" time="0.001"/>
  <system-out><![CDATA[]]></system-out>
  <system-err><![CDATA[]]></system-err>
</testsuite>
