<?xml version="1.0" encoding="UTF-8"?>
<testsuite name="com.opencontacts.androidecosystem.coresdk.SharedTileCacheManagerTest" tests="3" skipped="0" failures="0" errors="0" timestamp="2026-03-11T03:28:58" hostname="ip-172-31-34-63" time="0.009">
  <properties/>
  <testcase name="put_evictsOldestInsertedTile" classname="com.opencontacts.androidecosystem.coresdk.SharedTileCacheManagerTest" time="0.001"/>
  <testcase name="get_returnsCachedCopy_andMissingTilesReturnNull" classname="com.opencontacts.androidecosystem.coresdk.SharedTileCacheManagerTest" time="0.003"/>
  <testcase name="put_rejectsInvalidInputs_andConstructorRequiresPositiveCapacity" classname="com.opencontacts.androidecosystem.coresdk.SharedTileCacheManagerTest" time="0.003"/>
  <system-out><![CDATA[]]></system-out>
  <system-err><![CDATA[]]></system-err>
</testsuite>
