<?xml version="1.0" encoding="UTF-8"?>
<testsuite name="com.opencontacts.androidecosystem.coresdk.SharedMediaIndexTest" tests="6" skipped="0" failures="0" errors="0" timestamp="2026-03-11T03:28:58" hostname="ip-172-31-34-63" time="0.009">
  <properties/>
  <testcase name="remove_deletesMediaAsset_andReturnsFalseForMissing" classname="com.opencontacts.androidecosystem.coresdk.SharedMediaIndexTest" time="0.005"/>
  <testcase name="upsert_handlesNullInput_gracefully" classname="com.opencontacts.androidecosystem.coresdk.SharedMediaIndexTest" time="0.0"/>
  <testcase name="findByMediaId_handlesNullAndBlankInputs" classname="com.opencontacts.androidecosystem.coresdk.SharedMediaIndexTest" time="0.001"/>
  <testcase name="size_andClear_workCorrectly" classname="com.opencontacts.androidecosystem.coresdk.SharedMediaIndexTest" time="0.0"/>
  <testcase name="upsert_addsMediaAsset_andFindByMediaIdReturnsIt" classname="com.opencontacts.androidecosystem.coresdk.SharedMediaIndexTest" time="0.0"/>
  <testcase name="findGeoTagged_returnsOnlyAssetsWithGeoPoints" classname="com.opencontacts.androidecosystem.coresdk.SharedMediaIndexTest" time="0.0"/>
  <system-out><![CDATA[]]></system-out>
  <system-err><![CDATA[]]></system-err>
</testsuite>
